0 info it worked if it ends with ok
1 verbose cli [ '/usr/local/Cellar/node5/5.12.0/bin/node',
1 verbose cli   '/usr/local/bin/npm',
1 verbose cli   'start' ]
2 info using npm@3.10.3
3 info using node@v5.12.0
4 verbose run-script [ 'prestart', 'start', 'poststart' ]
5 info lifecycle my-addon@0.0.1~prestart: my-addon@0.0.1
6 silly lifecycle my-addon@0.0.1~prestart: no script for prestart, continuing
7 info lifecycle my-addon@0.0.1~start: my-addon@0.0.1
8 verbose lifecycle my-addon@0.0.1~start: unsafe-perm in lifecycle true
9 verbose lifecycle my-addon@0.0.1~start: PATH: /usr/local/lib/node_modules/npm/bin/node-gyp-bin:/Users/akisuzuki/Developments/awesome-addon/node_modules/.bin:/usr/local/Cellar/node5/5.12.0/bin:/Users/akisuzuki/.rvm/gems/ruby-2.3.1/bin:/Users/akisuzuki/.rvm/gems/ruby-2.3.1@global/bin:/Users/akisuzuki/.rvm/rubies/ruby-2.3.1/bin:/usr/local/sbin:/usr/local/opt/coreutils/libexec/gnubin:/usr/local/bin:/usr/bin:/bin:/usr/sbin:/sbin:/opt/X11/bin:/Users/akisuzuki/.rvm/gems/ruby-2.3.1/bin:/Users/akisuzuki/.rvm/gems/ruby-2.3.1@global/bin:/Users/akisuzuki/.rvm/rubies/ruby-2.3.1/bin:/usr/local/sbin:/usr/local/opt/coreutils/libexec/gnubin:/Users/akisuzuki/Developments/omr/api/bin:/Library/Java/JavaVirtualMachines/jdk1.8.0_74.jdk/Contents/Home:/Users/akisuzuki/.fzf/bin:/Users/akisuzuki/.rvm/bin:/Users/akisuzuki/Developments/omr/api/bin:/Library/Java/JavaVirtualMachines/jdk1.8.0_74.jdk/Contents/Home
10 verbose lifecycle my-addon@0.0.1~start: CWD: /Users/akisuzuki/Developments/awesome-addon
11 silly lifecycle my-addon@0.0.1~start: Args: [ '-c', 'node app.js' ]
12 silly lifecycle my-addon@0.0.1~start: Returned: code: 1  signal: null
13 info lifecycle my-addon@0.0.1~start: Failed to exec start script
14 verbose stack Error: my-addon@0.0.1 start: `node app.js`
14 verbose stack Exit status 1
14 verbose stack     at EventEmitter.<anonymous> (/usr/local/lib/node_modules/npm/lib/utils/lifecycle.js:242:16)
14 verbose stack     at emitTwo (events.js:100:13)
14 verbose stack     at EventEmitter.emit (events.js:185:7)
14 verbose stack     at ChildProcess.<anonymous> (/usr/local/lib/node_modules/npm/lib/utils/spawn.js:40:14)
14 verbose stack     at emitTwo (events.js:100:13)
14 verbose stack     at ChildProcess.emit (events.js:185:7)
14 verbose stack     at maybeClose (internal/child_process.js:850:16)
14 verbose stack     at Process.ChildProcess._handle.onexit (internal/child_process.js:215:5)
15 verbose pkgid my-addon@0.0.1
16 verbose cwd /Users/akisuzuki/Developments/awesome-addon
17 error Darwin 15.6.0
18 error argv "/usr/local/Cellar/node5/5.12.0/bin/node" "/usr/local/bin/npm" "start"
19 error node v5.12.0
20 error npm  v3.10.3
21 error code ELIFECYCLE
22 error my-addon@0.0.1 start: `node app.js`
22 error Exit status 1
23 error Failed at the my-addon@0.0.1 start script 'node app.js'.
23 error Make sure you have the latest version of node.js and npm installed.
23 error If you do, this is most likely a problem with the my-addon package,
23 error not with npm itself.
23 error Tell the author that this fails on your system:
23 error     node app.js
23 error You can get information on how to open an issue for this project with:
23 error     npm bugs my-addon
23 error Or if that isn't available, you can get their info via:
23 error     npm owner ls my-addon
23 error There is likely additional logging output above.
24 verbose exit [ 1, true ]
